<?xml version="1.0" encoding="UTF-8"?>
<testsuite name="zhiyinlou_repayment"
           tests="2"
           failures="2"
           errors="0"
           skipped="0"
           time="0.000">
  <properties />
            <testcase name="closeDriver" time="0.000" classname="com.zhiyinlou.apps.testcase.login.LoginTcsPrimary">
                <failure type="java.lang.NullPointerException"
                  message="(null)"
              >
<![CDATA[java.lang.NullPointerException
  com.zhiyinlou.apps.utils.file.ParseXLSX.getFile(ParseXLSX.java:49)
  com.zhiyinlou.apps.utils.file.ParseXLSX.saveResults(ParseXLSX.java:437)
  com.zhiyinlou.apps.testcase.base.BaseCase.closeDriver(BaseCase.java:100)
  sun.reflect.NativeMethodAccessorImpl.invoke0(Native Method)
  sun.reflect.NativeMethodAccessorImpl.invoke(NativeMethodAccessorImpl.java:62)
  sun.reflect.DelegatingMethodAccessorImpl.invoke(DelegatingMethodAccessorImpl.java:43)
  java.lang.reflect.Method.invoke(Method.java:498)
  org.testng.internal.MethodInvocationHelper.invokeMethod(MethodInvocationHelper.java:80)
  org.testng.internal.Invoker.invokeConfigurationMethod(Invoker.java:564)
  org.testng.internal.Invoker.invokeConfigurations(Invoker.java:213)
  org.testng.internal.Invoker.invokeConfigurations(Invoker.java:138)
  org.testng.internal.TestMethodWorker.invokeAfterClassMethods(TestMethodWorker.java:225)
  org.testng.internal.TestMethodWorker.run(TestMethodWorker.java:114)
  org.testng.TestRunner.privateRun(TestRunner.java:767)
  org.testng.TestRunner.run(TestRunner.java:617)
  org.testng.SuiteRunner.runTest(SuiteRunner.java:334)
  org.testng.SuiteRunner.runSequentially(SuiteRunner.java:329)
  org.testng.SuiteRunner.privateRun(SuiteRunner.java:291)
  org.testng.SuiteRunner.run(SuiteRunner.java:240)
  org.testng.SuiteRunnerWorker.runSuite(SuiteRunnerWorker.java:52)
  org.testng.SuiteRunnerWorker.run(SuiteRunnerWorker.java:86)
  org.testng.TestNG.runSuitesSequentially(TestNG.java:1198)
  org.testng.TestNG.runSuitesLocally(TestNG.java:1123)
  org.testng.TestNG.run(TestNG.java:1031)
  org.testng.IDEARemoteTestNG.run(IDEARemoteTestNG.java:73)
  org.testng.RemoteTestNGStarter.main(RemoteTestNGStarter.java:123)
]]>
      </failure>

          </testcase>
            <testcase name="test" time="0.000" classname="com.zhiyinlou.apps.testcase.login.LoginTcsPrimary">
                <failure type="java.lang.RuntimeException"
                  message="java.lang.NullPointerException"
              >
<![CDATA[java.lang.RuntimeException: java.lang.NullPointerException
  org.testng.internal.MethodInvocationHelper.invokeDataProvider(MethodInvocationHelper.java:143)
  org.testng.internal.Parameters.handleParameters(Parameters.java:426)
  org.testng.internal.Invoker.handleParameters(Invoker.java:1383)
  org.testng.internal.Invoker.createParameters(Invoker.java:1075)
  org.testng.internal.Invoker.invokeTestMethods(Invoker.java:1180)
  org.testng.internal.TestMethodWorker.invokeTestMethods(TestMethodWorker.java:127)
  org.testng.internal.TestMethodWorker.run(TestMethodWorker.java:111)
  org.testng.TestRunner.privateRun(TestRunner.java:767)
  org.testng.TestRunner.run(TestRunner.java:617)
  org.testng.SuiteRunner.runTest(SuiteRunner.java:334)
  org.testng.SuiteRunner.runSequentially(SuiteRunner.java:329)
  org.testng.SuiteRunner.privateRun(SuiteRunner.java:291)
  org.testng.SuiteRunner.run(SuiteRunner.java:240)
  org.testng.SuiteRunnerWorker.runSuite(SuiteRunnerWorker.java:52)
  org.testng.SuiteRunnerWorker.run(SuiteRunnerWorker.java:86)
  org.testng.TestNG.runSuitesSequentially(TestNG.java:1198)
  org.testng.TestNG.runSuitesLocally(TestNG.java:1123)
  org.testng.TestNG.run(TestNG.java:1031)
  org.testng.IDEARemoteTestNG.run(IDEARemoteTestNG.java:73)
  org.testng.RemoteTestNGStarter.main(RemoteTestNGStarter.java:123)
Caused by: java.lang.NullPointerException
  com.zhiyinlou.apps.utils.file.ParseXLSX.getFile(ParseXLSX.java:49)
  com.zhiyinlou.apps.utils.file.ParseXLSX.getDataValue(ParseXLSX.java:229)
  com.zhiyinlou.apps.testcase.base.BaseCase.dataSource(BaseCase.java:51)
  sun.reflect.NativeMethodAccessorImpl.invoke0(Native Method)
  sun.reflect.NativeMethodAccessorImpl.invoke(NativeMethodAccessorImpl.java:62)
  sun.reflect.DelegatingMethodAccessorImpl.invoke(DelegatingMethodAccessorImpl.java:43)
  java.lang.reflect.Method.invoke(Method.java:498)
  org.testng.internal.MethodInvocationHelper.invokeMethod(MethodInvocationHelper.java:80)
  org.testng.internal.MethodInvocationHelper.invokeDataProvider(MethodInvocationHelper.java:117)
  org.testng.internal.Parameters.handleParameters(Parameters.java:426)
  org.testng.internal.Invoker.handleParameters(Invoker.java:1383)
  org.testng.internal.Invoker.createParameters(Invoker.java:1075)
  org.testng.internal.Invoker.invokeTestMethods(Invoker.java:1180)
  org.testng.internal.TestMethodWorker.invokeTestMethods(TestMethodWorker.java:127)
  org.testng.internal.TestMethodWorker.run(TestMethodWorker.java:111)
  org.testng.TestRunner.privateRun(TestRunner.java:767)
  org.testng.TestRunner.run(TestRunner.java:617)
  org.testng.SuiteRunner.runTest(SuiteRunner.java:334)
  org.testng.SuiteRunner.runSequentially(SuiteRunner.java:329)
  org.testng.SuiteRunner.privateRun(SuiteRunner.java:291)
  org.testng.SuiteRunner.run(SuiteRunner.java:240)
  org.testng.SuiteRunnerWorker.runSuite(SuiteRunnerWorker.java:52)
  org.testng.SuiteRunnerWorker.run(SuiteRunnerWorker.java:86)
  org.testng.TestNG.runSuitesSequentially(TestNG.java:1198)
  org.testng.TestNG.runSuitesLocally(TestNG.java:1123)
  org.testng.TestNG.run(TestNG.java:1031)
  org.testng.IDEARemoteTestNG.run(IDEARemoteTestNG.java:73)
  org.testng.RemoteTestNGStarter.main(RemoteTestNGStarter.java:123)
]]>
      </failure>

          </testcase>
  
  
  
</testsuite>
