<?xml version="1.0" encoding="UTF-8"?>
<testng-results skipped="0" failed="0" total="1" passed="1">
  <reporter-output>
  </reporter-output>
  <suite name="Default suite" duration-ms="24007" started-at="2019-04-08T06:23:14Z" finished-at="2019-04-08T06:23:38Z">
    <groups>
    </groups>
    <test name="Default test" duration-ms="24007" started-at="2019-04-08T06:23:14Z" finished-at="2019-04-08T06:23:38Z">
      <class name="com.zhiyinlou.apps.testcase.login.LoginTcs">
        <test-method status="PASS" signature="init()[pri:0, instance:com.zhiyinlou.apps.testcase.login.LoginTcs@3ecd267f]" name="init" is-config="true" duration-ms="3538" started-at="2019-04-08T14:23:14Z" finished-at="2019-04-08T14:23:18Z">
          <reporter-output>
          </reporter-output>
        </test-method> <!-- init -->
        <test-method status="PASS" signature="init_fields()[pri:0, instance:com.zhiyinlou.apps.testcase.login.LoginTcs@3ecd267f]" name="init_fields" is-config="true" duration-ms="1" started-at="2019-04-08T14:23:18Z" finished-at="2019-04-08T14:23:18Z">
          <reporter-output>
          </reporter-output>
        </test-method> <!-- init_fields -->
        <test-method status="PASS" signature="test(java.lang.String, java.lang.String)[pri:0, instance:com.zhiyinlou.apps.testcase.login.LoginTcs@3ecd267f]" name="test" duration-ms="19822" started-at="2019-04-08T14:23:19Z" data-provider="dataSource" finished-at="2019-04-08T14:23:38Z">
          <params>
            <param index="0">
              <value>
                <![CDATA[yuxinjun]]>
              </value>
            </param>
            <param index="1">
              <value>
                <![CDATA[123@qwe]]>
              </value>
            </param>
          </params>
          <reporter-output>
          </reporter-output>
        </test-method> <!-- test -->
        <test-method status="PASS" signature="closeDriver()[pri:0, instance:com.zhiyinlou.apps.testcase.login.LoginTcs@3ecd267f]" name="closeDriver" is-config="true" duration-ms="95" started-at="2019-04-08T14:23:38Z" finished-at="2019-04-08T14:23:38Z">
          <reporter-output>
          </reporter-output>
        </test-method> <!-- closeDriver -->
      </class> <!-- com.zhiyinlou.apps.testcase.login.LoginTcs -->
    </test> <!-- Default test -->
  </suite> <!-- Default suite -->
</testng-results>
